{"/Users/edson/Google Drive/Projetos/exemplos/ecommerce/controller/ProdutoController.js": {"path":"/Users/edson/Google Drive/Projetos/exemplos/ecommerce/controller/ProdutoController.js","statementMap":{"0":{"start":{"line":1,"column":19},"end":{"line":1,"column":47}},"1":{"start":{"line":2,"column":26},"end":{"line":2,"column":62}},"2":{"start":{"line":3,"column":16},"end":{"line":3,"column":43}},"3":{"start":{"line":9,"column":15},"end":{"line":30,"column":5}},"4":{"start":{"line":10,"column":40},"end":{"line":10,"column":48}},"5":{"start":{"line":12,"column":24},"end":{"line":12,"column":62}},"6":{"start":{"line":14,"column":27},"end":{"line":14,"column":60}},"7":{"start":{"line":16,"column":8},"end":{"line":28,"column":24}},"8":{"start":{"line":20,"column":20},"end":{"line":24,"column":21}},"9":{"start":{"line":20,"column":45},"end":{"line":20,"column":96}},"10":{"start":{"line":22,"column":24},"end":{"line":22,"column":40}},"11":{"start":{"line":33,"column":12},"end":{"line":50,"column":5}},"12":{"start":{"line":35,"column":27},"end":{"line":35,"column":60}},"13":{"start":{"line":36,"column":8},"end":{"line":48,"column":24}},"14":{"start":{"line":40,"column":20},"end":{"line":44,"column":21}},"15":{"start":{"line":40,"column":45},"end":{"line":40,"column":88}},"16":{"start":{"line":42,"column":24},"end":{"line":42,"column":40}},"17":{"start":{"line":52,"column":20},"end":{"line":74,"column":5}},"18":{"start":{"line":54,"column":19},"end":{"line":54,"column":46}},"19":{"start":{"line":56,"column":27},"end":{"line":56,"column":60}},"20":{"start":{"line":58,"column":8},"end":{"line":58,"column":23}},"21":{"start":{"line":58,"column":19},"end":{"line":58,"column":23}},"22":{"start":{"line":60,"column":8},"end":{"line":72,"column":24}},"23":{"start":{"line":64,"column":20},"end":{"line":68,"column":21}},"24":{"start":{"line":64,"column":45},"end":{"line":64,"column":99}},"25":{"start":{"line":66,"column":24},"end":{"line":66,"column":40}},"26":{"start":{"line":79,"column":15},"end":{"line":116,"column":5}},"27":{"start":{"line":80,"column":27},"end":{"line":80,"column":60}},"28":{"start":{"line":81,"column":19},"end":{"line":81,"column":48}},"29":{"start":{"line":82,"column":21},"end":{"line":82,"column":52}},"30":{"start":{"line":83,"column":8},"end":{"line":114,"column":21}},"31":{"start":{"line":87,"column":26},"end":{"line":87,"column":44}},"32":{"start":{"line":88,"column":28},"end":{"line":88,"column":51}},"33":{"start":{"line":89,"column":26},"end":{"line":89,"column":44}},"34":{"start":{"line":91,"column":12},"end":{"line":112,"column":17}},"35":{"start":{"line":95,"column":31},"end":{"line":97,"column":17}},"36":{"start":{"line":99,"column":16},"end":{"line":109,"column":17}},"37":{"start":{"line":101,"column":20},"end":{"line":108,"column":21}},"38":{"start":{"line":111,"column":16},"end":{"line":111,"column":35}},"39":{"start":{"line":119,"column":15},"end":{"line":143,"column":5}},"40":{"start":{"line":121,"column":44},"end":{"line":121,"column":52}},"41":{"start":{"line":123,"column":24},"end":{"line":123,"column":60}},"42":{"start":{"line":125,"column":27},"end":{"line":125,"column":60}},"43":{"start":{"line":127,"column":8},"end":{"line":141,"column":24}},"44":{"start":{"line":131,"column":20},"end":{"line":137,"column":21}},"45":{"start":{"line":131,"column":45},"end":{"line":131,"column":92}},"46":{"start":{"line":134,"column":24},"end":{"line":134,"column":40}},"47":{"start":{"line":146,"column":13},"end":{"line":168,"column":5}},"48":{"start":{"line":148,"column":19},"end":{"line":148,"column":46}},"49":{"start":{"line":150,"column":27},"end":{"line":150,"column":60}},"50":{"start":{"line":152,"column":8},"end":{"line":152,"column":23}},"51":{"start":{"line":152,"column":19},"end":{"line":152,"column":23}},"52":{"start":{"line":154,"column":8},"end":{"line":166,"column":24}},"53":{"start":{"line":158,"column":20},"end":{"line":162,"column":21}},"54":{"start":{"line":158,"column":45},"end":{"line":158,"column":92}},"55":{"start":{"line":160,"column":24},"end":{"line":160,"column":40}},"56":{"start":{"line":172,"column":0},"end":{"line":172,"column":34}}},"fnMap":{"0":{"name":"(anonymous_0)","decl":{"start":{"line":9,"column":15},"end":{"line":9,"column":16}},"loc":{"start":{"line":9,"column":35},"end":{"line":30,"column":5}},"line":9},"1":{"name":"(anonymous_1)","decl":{"start":{"line":19,"column":17},"end":{"line":19,"column":18}},"loc":{"start":{"line":19,"column":29},"end":{"line":25,"column":17}},"line":19},"2":{"name":"(anonymous_2)","decl":{"start":{"line":33,"column":12},"end":{"line":33,"column":13}},"loc":{"start":{"line":33,"column":32},"end":{"line":50,"column":5}},"line":33},"3":{"name":"(anonymous_3)","decl":{"start":{"line":39,"column":16},"end":{"line":39,"column":17}},"loc":{"start":{"line":39,"column":28},"end":{"line":45,"column":17}},"line":39},"4":{"name":"(anonymous_4)","decl":{"start":{"line":52,"column":20},"end":{"line":52,"column":21}},"loc":{"start":{"line":52,"column":40},"end":{"line":74,"column":5}},"line":52},"5":{"name":"(anonymous_5)","decl":{"start":{"line":63,"column":16},"end":{"line":63,"column":17}},"loc":{"start":{"line":63,"column":28},"end":{"line":69,"column":17}},"line":63},"6":{"name":"(anonymous_6)","decl":{"start":{"line":79,"column":15},"end":{"line":79,"column":16}},"loc":{"start":{"line":79,"column":35},"end":{"line":116,"column":5}},"line":79},"7":{"name":"(anonymous_7)","decl":{"start":{"line":85,"column":14},"end":{"line":85,"column":15}},"loc":{"start":{"line":85,"column":27},"end":{"line":113,"column":9}},"line":85},"8":{"name":"(anonymous_8)","decl":{"start":{"line":94,"column":20},"end":{"line":94,"column":21}},"loc":{"start":{"line":94,"column":33},"end":{"line":112,"column":15}},"line":94},"9":{"name":"(anonymous_9)","decl":{"start":{"line":119,"column":15},"end":{"line":119,"column":16}},"loc":{"start":{"line":119,"column":35},"end":{"line":143,"column":5}},"line":119},"10":{"name":"(anonymous_10)","decl":{"start":{"line":130,"column":16},"end":{"line":130,"column":17}},"loc":{"start":{"line":130,"column":28},"end":{"line":138,"column":17}},"line":130},"11":{"name":"(anonymous_11)","decl":{"start":{"line":146,"column":13},"end":{"line":146,"column":14}},"loc":{"start":{"line":146,"column":33},"end":{"line":168,"column":5}},"line":146},"12":{"name":"(anonymous_12)","decl":{"start":{"line":157,"column":16},"end":{"line":157,"column":17}},"loc":{"start":{"line":157,"column":28},"end":{"line":163,"column":17}},"line":157}},"branchMap":{"0":{"loc":{"start":{"line":20,"column":20},"end":{"line":24,"column":21}},"type":"if","locations":[{"start":{"line":20,"column":20},"end":{"line":24,"column":21}},{"start":{"line":20,"column":20},"end":{"line":24,"column":21}}],"line":20},"1":{"loc":{"start":{"line":40,"column":20},"end":{"line":44,"column":21}},"type":"if","locations":[{"start":{"line":40,"column":20},"end":{"line":44,"column":21}},{"start":{"line":40,"column":20},"end":{"line":44,"column":21}}],"line":40},"2":{"loc":{"start":{"line":54,"column":19},"end":{"line":54,"column":46}},"type":"binary-expr","locations":[{"start":{"line":54,"column":19},"end":{"line":54,"column":41}},{"start":{"line":54,"column":45},"end":{"line":54,"column":46}}],"line":54},"3":{"loc":{"start":{"line":58,"column":8},"end":{"line":58,"column":23}},"type":"if","locations":[{"start":{"line":58,"column":8},"end":{"line":58,"column":23}},{"start":{"line":58,"column":8},"end":{"line":58,"column":23}}],"line":58},"4":{"loc":{"start":{"line":64,"column":20},"end":{"line":68,"column":21}},"type":"if","locations":[{"start":{"line":64,"column":20},"end":{"line":68,"column":21}},{"start":{"line":64,"column":20},"end":{"line":68,"column":21}}],"line":64},"5":{"loc":{"start":{"line":81,"column":19},"end":{"line":81,"column":48}},"type":"binary-expr","locations":[{"start":{"line":81,"column":19},"end":{"line":81,"column":43}},{"start":{"line":81,"column":47},"end":{"line":81,"column":48}}],"line":81},"6":{"loc":{"start":{"line":82,"column":21},"end":{"line":82,"column":52}},"type":"binary-expr","locations":[{"start":{"line":82,"column":21},"end":{"line":82,"column":47}},{"start":{"line":82,"column":51},"end":{"line":82,"column":52}}],"line":82},"7":{"loc":{"start":{"line":99,"column":16},"end":{"line":109,"column":17}},"type":"if","locations":[{"start":{"line":99,"column":16},"end":{"line":109,"column":17}},{"start":{"line":99,"column":16},"end":{"line":109,"column":17}}],"line":99},"8":{"loc":{"start":{"line":106,"column":34},"end":{"line":106,"column":69}},"type":"cond-expr","locations":[{"start":{"line":106,"column":47},"end":{"line":106,"column":57}},{"start":{"line":106,"column":60},"end":{"line":106,"column":69}}],"line":106},"9":{"loc":{"start":{"line":107,"column":33},"end":{"line":107,"column":74}},"type":"cond-expr","locations":[{"start":{"line":107,"column":52},"end":{"line":107,"column":62}},{"start":{"line":107,"column":65},"end":{"line":107,"column":74}}],"line":107},"10":{"loc":{"start":{"line":131,"column":20},"end":{"line":137,"column":21}},"type":"if","locations":[{"start":{"line":131,"column":20},"end":{"line":137,"column":21}},{"start":{"line":131,"column":20},"end":{"line":137,"column":21}}],"line":131},"11":{"loc":{"start":{"line":148,"column":19},"end":{"line":148,"column":46}},"type":"binary-expr","locations":[{"start":{"line":148,"column":19},"end":{"line":148,"column":41}},{"start":{"line":148,"column":45},"end":{"line":148,"column":46}}],"line":148},"12":{"loc":{"start":{"line":152,"column":8},"end":{"line":152,"column":23}},"type":"if","locations":[{"start":{"line":152,"column":8},"end":{"line":152,"column":23}},{"start":{"line":152,"column":8},"end":{"line":152,"column":23}}],"line":152},"13":{"loc":{"start":{"line":158,"column":20},"end":{"line":162,"column":21}},"type":"if","locations":[{"start":{"line":158,"column":20},"end":{"line":162,"column":21}},{"start":{"line":158,"column":20},"end":{"line":162,"column":21}}],"line":158}},"s":{"0":1,"1":1,"2":1,"3":6,"4":1,"5":1,"6":1,"7":1,"8":1,"9":0,"10":1,"11":6,"12":1,"13":1,"14":1,"15":0,"16":1,"17":6,"18":1,"19":1,"20":1,"21":0,"22":1,"23":1,"24":0,"25":1,"26":6,"27":1,"28":1,"29":1,"30":1,"31":1,"32":1,"33":1,"34":1,"35":1,"36":1,"37":0,"38":1,"39":6,"40":1,"41":1,"42":1,"43":1,"44":1,"45":0,"46":1,"47":6,"48":1,"49":1,"50":1,"51":0,"52":1,"53":1,"54":0,"55":1,"56":1},"f":{"0":1,"1":1,"2":1,"3":1,"4":1,"5":1,"6":1,"7":1,"8":1,"9":1,"10":1,"11":1,"12":1},"b":{"0":[0,1],"1":[0,1],"2":[1,0],"3":[0,1],"4":[0,1],"5":[1,1],"6":[1,0],"7":[0,1],"8":[0,0],"9":[0,0],"10":[0,1],"11":[1,0],"12":[0,1],"13":[0,1]},"_coverageSchema":"1a1c01bbd47fc00a2c39e90264f33305004495a9","hash":"29d5b5eee261f7467d915cab634e0429020cb93f"}
,"/Users/edson/Google Drive/Projetos/exemplos/ecommerce/dao/ProdutoDao.js": {"path":"/Users/edson/Google Drive/Projetos/exemplos/ecommerce/dao/ProdutoDao.js","statementMap":{"0":{"start":{"line":6,"column":12},"end":{"line":6,"column":41}},"1":{"start":{"line":10,"column":22},"end":{"line":18,"column":13}},"2":{"start":{"line":11,"column":16},"end":{"line":15,"column":18}},"3":{"start":{"line":12,"column":20},"end":{"line":12,"column":47}},"4":{"start":{"line":12,"column":28},"end":{"line":12,"column":47}},"5":{"start":{"line":14,"column":20},"end":{"line":14,"column":31}},"6":{"start":{"line":20,"column":12},"end":{"line":20,"column":21}},"7":{"start":{"line":25,"column":18},"end":{"line":32,"column":10}},"8":{"start":{"line":27,"column":12},"end":{"line":31,"column":15}},"9":{"start":{"line":28,"column":16},"end":{"line":28,"column":43}},"10":{"start":{"line":28,"column":24},"end":{"line":28,"column":43}},"11":{"start":{"line":30,"column":16},"end":{"line":30,"column":27}},"12":{"start":{"line":33,"column":8},"end":{"line":33,"column":17}},"13":{"start":{"line":37,"column":18},"end":{"line":46,"column":10}},"14":{"start":{"line":38,"column":12},"end":{"line":45,"column":15}},"15":{"start":{"line":42,"column":16},"end":{"line":42,"column":43}},"16":{"start":{"line":42,"column":24},"end":{"line":42,"column":43}},"17":{"start":{"line":44,"column":16},"end":{"line":44,"column":34}},"18":{"start":{"line":47,"column":8},"end":{"line":47,"column":17}},"19":{"start":{"line":53,"column":20},"end":{"line":61,"column":13}},"20":{"start":{"line":54,"column":16},"end":{"line":58,"column":18}},"21":{"start":{"line":55,"column":20},"end":{"line":55,"column":47}},"22":{"start":{"line":55,"column":28},"end":{"line":55,"column":47}},"23":{"start":{"line":57,"column":20},"end":{"line":57,"column":37}},"24":{"start":{"line":63,"column":12},"end":{"line":63,"column":21}},"25":{"start":{"line":68,"column":20},"end":{"line":78,"column":13}},"26":{"start":{"line":69,"column":16},"end":{"line":75,"column":18}},"27":{"start":{"line":72,"column":20},"end":{"line":72,"column":47}},"28":{"start":{"line":72,"column":28},"end":{"line":72,"column":47}},"29":{"start":{"line":74,"column":20},"end":{"line":74,"column":34}},"30":{"start":{"line":80,"column":12},"end":{"line":80,"column":21}},"31":{"start":{"line":87,"column":24},"end":{"line":97,"column":17}},"32":{"start":{"line":88,"column":20},"end":{"line":94,"column":22}},"33":{"start":{"line":91,"column":24},"end":{"line":91,"column":51}},"34":{"start":{"line":91,"column":32},"end":{"line":91,"column":51}},"35":{"start":{"line":93,"column":24},"end":{"line":93,"column":38}},"36":{"start":{"line":99,"column":16},"end":{"line":99,"column":25}},"37":{"start":{"line":105,"column":28},"end":{"line":113,"column":21}},"38":{"start":{"line":106,"column":24},"end":{"line":110,"column":26}},"39":{"start":{"line":107,"column":28},"end":{"line":107,"column":55}},"40":{"start":{"line":107,"column":36},"end":{"line":107,"column":55}},"41":{"start":{"line":109,"column":28},"end":{"line":109,"column":42}},"42":{"start":{"line":115,"column":20},"end":{"line":115,"column":29}},"43":{"start":{"line":122,"column":6},"end":{"line":122,"column":34}}},"fnMap":{"0":{"name":"(anonymous_0)","decl":{"start":{"line":4,"column":8},"end":{"line":4,"column":9}},"loc":{"start":{"line":4,"column":32},"end":{"line":7,"column":9}},"line":4},"1":{"name":"(anonymous_1)","decl":{"start":{"line":9,"column":8},"end":{"line":9,"column":9}},"loc":{"start":{"line":9,"column":16},"end":{"line":22,"column":9}},"line":9},"2":{"name":"(anonymous_2)","decl":{"start":{"line":10,"column":35},"end":{"line":10,"column":36}},"loc":{"start":{"line":10,"column":56},"end":{"line":17,"column":15}},"line":10},"3":{"name":"(anonymous_3)","decl":{"start":{"line":11,"column":65},"end":{"line":11,"column":66}},"loc":{"start":{"line":11,"column":77},"end":{"line":15,"column":17}},"line":11},"4":{"name":"(anonymous_4)","decl":{"start":{"line":24,"column":4},"end":{"line":24,"column":5}},"loc":{"start":{"line":24,"column":12},"end":{"line":34,"column":5}},"line":24},"5":{"name":"(anonymous_5)","decl":{"start":{"line":25,"column":31},"end":{"line":25,"column":32}},"loc":{"start":{"line":25,"column":52},"end":{"line":32,"column":9}},"line":25},"6":{"name":"(anonymous_6)","decl":{"start":{"line":27,"column":77},"end":{"line":27,"column":78}},"loc":{"start":{"line":27,"column":89},"end":{"line":31,"column":13}},"line":27},"7":{"name":"(anonymous_7)","decl":{"start":{"line":36,"column":4},"end":{"line":36,"column":5}},"loc":{"start":{"line":36,"column":33},"end":{"line":48,"column":5}},"line":36},"8":{"name":"(anonymous_8)","decl":{"start":{"line":37,"column":31},"end":{"line":37,"column":32}},"loc":{"start":{"line":37,"column":52},"end":{"line":46,"column":9}},"line":37},"9":{"name":"(anonymous_9)","decl":{"start":{"line":40,"column":2},"end":{"line":40,"column":3}},"loc":{"start":{"line":40,"column":21},"end":{"line":45,"column":13}},"line":40},"10":{"name":"(anonymous_10)","decl":{"start":{"line":51,"column":8},"end":{"line":51,"column":9}},"loc":{"start":{"line":51,"column":24},"end":{"line":64,"column":9}},"line":51},"11":{"name":"(anonymous_11)","decl":{"start":{"line":53,"column":33},"end":{"line":53,"column":34}},"loc":{"start":{"line":53,"column":54},"end":{"line":60,"column":15}},"line":53},"12":{"name":"(anonymous_12)","decl":{"start":{"line":54,"column":80},"end":{"line":54,"column":81}},"loc":{"start":{"line":54,"column":98},"end":{"line":58,"column":17}},"line":54},"13":{"name":"(anonymous_13)","decl":{"start":{"line":66,"column":8},"end":{"line":66,"column":9}},"loc":{"start":{"line":66,"column":26},"end":{"line":82,"column":9}},"line":66},"14":{"name":"(anonymous_14)","decl":{"start":{"line":68,"column":33},"end":{"line":68,"column":34}},"loc":{"start":{"line":68,"column":54},"end":{"line":77,"column":15}},"line":68},"15":{"name":"(anonymous_15)","decl":{"start":{"line":71,"column":20},"end":{"line":71,"column":21}},"loc":{"start":{"line":71,"column":35},"end":{"line":75,"column":17}},"line":71},"16":{"name":"(anonymous_16)","decl":{"start":{"line":85,"column":8},"end":{"line":85,"column":9}},"loc":{"start":{"line":85,"column":26},"end":{"line":101,"column":9}},"line":85},"17":{"name":"(anonymous_17)","decl":{"start":{"line":87,"column":37},"end":{"line":87,"column":38}},"loc":{"start":{"line":87,"column":58},"end":{"line":96,"column":19}},"line":87},"18":{"name":"(anonymous_18)","decl":{"start":{"line":90,"column":24},"end":{"line":90,"column":25}},"loc":{"start":{"line":90,"column":39},"end":{"line":94,"column":21}},"line":90},"19":{"name":"(anonymous_19)","decl":{"start":{"line":103,"column":8},"end":{"line":103,"column":9}},"loc":{"start":{"line":103,"column":19},"end":{"line":117,"column":9}},"line":103},"20":{"name":"(anonymous_20)","decl":{"start":{"line":105,"column":41},"end":{"line":105,"column":42}},"loc":{"start":{"line":105,"column":62},"end":{"line":112,"column":23}},"line":105},"21":{"name":"(anonymous_21)","decl":{"start":{"line":106,"column":86},"end":{"line":106,"column":87}},"loc":{"start":{"line":106,"column":101},"end":{"line":110,"column":25}},"line":106}},"branchMap":{"0":{"loc":{"start":{"line":12,"column":20},"end":{"line":12,"column":47}},"type":"if","locations":[{"start":{"line":12,"column":20},"end":{"line":12,"column":47}},{"start":{"line":12,"column":20},"end":{"line":12,"column":47}}],"line":12},"1":{"loc":{"start":{"line":28,"column":16},"end":{"line":28,"column":43}},"type":"if","locations":[{"start":{"line":28,"column":16},"end":{"line":28,"column":43}},{"start":{"line":28,"column":16},"end":{"line":28,"column":43}}],"line":28},"2":{"loc":{"start":{"line":42,"column":16},"end":{"line":42,"column":43}},"type":"if","locations":[{"start":{"line":42,"column":16},"end":{"line":42,"column":43}},{"start":{"line":42,"column":16},"end":{"line":42,"column":43}}],"line":42},"3":{"loc":{"start":{"line":55,"column":20},"end":{"line":55,"column":47}},"type":"if","locations":[{"start":{"line":55,"column":20},"end":{"line":55,"column":47}},{"start":{"line":55,"column":20},"end":{"line":55,"column":47}}],"line":55},"4":{"loc":{"start":{"line":72,"column":20},"end":{"line":72,"column":47}},"type":"if","locations":[{"start":{"line":72,"column":20},"end":{"line":72,"column":47}},{"start":{"line":72,"column":20},"end":{"line":72,"column":47}}],"line":72},"5":{"loc":{"start":{"line":91,"column":24},"end":{"line":91,"column":51}},"type":"if","locations":[{"start":{"line":91,"column":24},"end":{"line":91,"column":51}},{"start":{"line":91,"column":24},"end":{"line":91,"column":51}}],"line":91},"6":{"loc":{"start":{"line":107,"column":28},"end":{"line":107,"column":55}},"type":"if","locations":[{"start":{"line":107,"column":28},"end":{"line":107,"column":55}},{"start":{"line":107,"column":28},"end":{"line":107,"column":55}}],"line":107}},"s":{"0":17,"1":2,"2":2,"3":2,"4":0,"5":2,"6":2,"7":3,"8":3,"9":3,"10":0,"11":3,"12":3,"13":2,"14":2,"15":2,"16":0,"17":2,"18":2,"19":3,"20":3,"21":3,"22":0,"23":3,"24":3,"25":3,"26":3,"27":3,"28":0,"29":3,"30":3,"31":2,"32":2,"33":2,"34":0,"35":2,"36":2,"37":2,"38":2,"39":2,"40":0,"41":2,"42":2,"43":2},"f":{"0":17,"1":2,"2":2,"3":2,"4":3,"5":3,"6":3,"7":2,"8":2,"9":2,"10":3,"11":3,"12":3,"13":3,"14":3,"15":3,"16":2,"17":2,"18":2,"19":2,"20":2,"21":2},"b":{"0":[0,2],"1":[0,3],"2":[0,2],"3":[0,3],"4":[0,3],"5":[0,2],"6":[0,2]},"_coverageSchema":"1a1c01bbd47fc00a2c39e90264f33305004495a9","hash":"768827620f01e56e7a39027d55b1fd6daa2fd247"}
}
