TN:
SF:controller/ProdutoController.js
FN:9,(anonymous_0)
FN:19,(anonymous_1)
FN:33,(anonymous_2)
FN:39,(anonymous_3)
FN:52,(anonymous_4)
FN:63,(anonymous_5)
FN:79,(anonymous_6)
FN:85,(anonymous_7)
FN:94,(anonymous_8)
FN:119,(anonymous_9)
FN:130,(anonymous_10)
FN:146,(anonymous_11)
FN:157,(anonymous_12)
FNF:13
FNH:13
FNDA:1,(anonymous_0)
FNDA:1,(anonymous_1)
FNDA:1,(anonymous_2)
FNDA:1,(anonymous_3)
FNDA:1,(anonymous_4)
FNDA:1,(anonymous_5)
FNDA:1,(anonymous_6)
FNDA:1,(anonymous_7)
FNDA:1,(anonymous_8)
FNDA:1,(anonymous_9)
FNDA:1,(anonymous_10)
FNDA:1,(anonymous_11)
FNDA:1,(anonymous_12)
DA:1,1
DA:2,1
DA:3,1
DA:9,6
DA:10,1
DA:12,1
DA:14,1
DA:16,1
DA:20,1
DA:22,1
DA:33,6
DA:35,1
DA:36,1
DA:40,1
DA:42,1
DA:52,6
DA:54,1
DA:56,1
DA:58,1
DA:60,1
DA:64,1
DA:66,1
DA:79,6
DA:80,1
DA:81,1
DA:82,1
DA:83,1
DA:87,1
DA:88,1
DA:89,1
DA:91,1
DA:95,1
DA:99,1
DA:101,0
DA:111,1
DA:119,6
DA:121,1
DA:123,1
DA:125,1
DA:127,1
DA:131,1
DA:134,1
DA:146,6
DA:148,1
DA:150,1
DA:152,1
DA:154,1
DA:158,1
DA:160,1
DA:172,1
LF:50
LH:49
BRDA:20,0,0,0
BRDA:20,0,1,1
BRDA:40,1,0,0
BRDA:40,1,1,1
BRDA:54,2,0,1
BRDA:54,2,1,0
BRDA:58,3,0,0
BRDA:58,3,1,1
BRDA:64,4,0,0
BRDA:64,4,1,1
BRDA:81,5,0,1
BRDA:81,5,1,1
BRDA:82,6,0,1
BRDA:82,6,1,0
BRDA:99,7,0,0
BRDA:99,7,1,1
BRDA:106,8,0,0
BRDA:106,8,1,0
BRDA:107,9,0,0
BRDA:107,9,1,0
BRDA:131,10,0,0
BRDA:131,10,1,1
BRDA:148,11,0,1
BRDA:148,11,1,0
BRDA:152,12,0,0
BRDA:152,12,1,1
BRDA:158,13,0,0
BRDA:158,13,1,1
BRF:28
BRH:13
end_of_record
TN:
SF:dao/ProdutoDao.js
FN:4,(anonymous_0)
FN:9,(anonymous_1)
FN:10,(anonymous_2)
FN:11,(anonymous_3)
FN:24,(anonymous_4)
FN:25,(anonymous_5)
FN:27,(anonymous_6)
FN:36,(anonymous_7)
FN:37,(anonymous_8)
FN:40,(anonymous_9)
FN:51,(anonymous_10)
FN:53,(anonymous_11)
FN:54,(anonymous_12)
FN:66,(anonymous_13)
FN:68,(anonymous_14)
FN:71,(anonymous_15)
FN:85,(anonymous_16)
FN:87,(anonymous_17)
FN:90,(anonymous_18)
FN:103,(anonymous_19)
FN:105,(anonymous_20)
FN:106,(anonymous_21)
FNF:22
FNH:22
FNDA:17,(anonymous_0)
FNDA:2,(anonymous_1)
FNDA:2,(anonymous_2)
FNDA:2,(anonymous_3)
FNDA:3,(anonymous_4)
FNDA:3,(anonymous_5)
FNDA:3,(anonymous_6)
FNDA:2,(anonymous_7)
FNDA:2,(anonymous_8)
FNDA:2,(anonymous_9)
FNDA:3,(anonymous_10)
FNDA:3,(anonymous_11)
FNDA:3,(anonymous_12)
FNDA:3,(anonymous_13)
FNDA:3,(anonymous_14)
FNDA:3,(anonymous_15)
FNDA:2,(anonymous_16)
FNDA:2,(anonymous_17)
FNDA:2,(anonymous_18)
FNDA:2,(anonymous_19)
FNDA:2,(anonymous_20)
FNDA:2,(anonymous_21)
DA:6,17
DA:10,2
DA:11,2
DA:12,2
DA:14,2
DA:20,2
DA:25,3
DA:27,3
DA:28,3
DA:30,3
DA:33,3
DA:37,2
DA:38,2
DA:42,2
DA:44,2
DA:47,2
DA:53,3
DA:54,3
DA:55,3
DA:57,3
DA:63,3
DA:68,3
DA:69,3
DA:72,3
DA:74,3
DA:80,3
DA:87,2
DA:88,2
DA:91,2
DA:93,2
DA:99,2
DA:105,2
DA:106,2
DA:107,2
DA:109,2
DA:115,2
DA:122,2
LF:37
LH:37
BRDA:12,0,0,0
BRDA:12,0,1,2
BRDA:28,1,0,0
BRDA:28,1,1,3
BRDA:42,2,0,0
BRDA:42,2,1,2
BRDA:55,3,0,0
BRDA:55,3,1,3
BRDA:72,4,0,0
BRDA:72,4,1,3
BRDA:91,5,0,0
BRDA:91,5,1,2
BRDA:107,6,0,0
BRDA:107,6,1,2
BRF:14
BRH:7
end_of_record
